npm warn tar TAR_ENTRY_ERROR ENOSPC: no space left on device, write
npm warn tar TAR_ENTRY_ERROR ENOSPC: no space left on device, write
npm warn tar TAR_ENTRY_ERROR ENOSPC: no space left on device, write
npm warn tar TAR_ENTRY_ERROR ENOSPC: no space left on device, write
npm warn tar TAR_ENTRY_ERROR ENOSPC: no space left on device, write
npm warn tar TAR_ENTRY_ERROR EBADF: bad file descriptor, write
npm warn tar TAR_ENTRY_ERROR ENOSPC: no space left on device, write
npm warn tar TAR_ENTRY_ERROR ENOSPC: no space left on device, write
npm warn tar TAR_ENTRY_ERROR ENOSPC: no space left on device, write
npm warn tar TAR_ENTRY_ERROR ENOSPC: no space left on device, write
npm warn tar TAR_ENTRY_ERROR ENOSPC: no space left on device, write
npm warn tar TAR_ENTRY_ERROR ENOSPC: no space left on device, write
npm warn tar TAR_ENTRY_ERROR ENOSPC: no space left on device, write
npm warn tar TAR_ENTRY_ERROR ENOSPC: no space left on device, write
npm warn tar TAR_ENTRY_ERROR ENOSPC: no space left on device, write
npm warn tar TAR_ENTRY_ERROR ENOSPC: no space left on device, write
npm warn tar TAR_ENTRY_ERROR ENOSPC: no space left on device, write
npm warn tar TAR_ENTRY_ERROR ENOSPC: no space left on device, write
npm warn tar TAR_ENTRY_ERROR ENOSPC: no space left on device, write
npm warn tar TAR_ENTRY_ERROR ENOSPC: no space left on device, write
npm warn tar TAR_ENTRY_ERROR ENOSPC: no space left on device, write
npm warn tar TAR_ENTRY_ERROR ENOSPC: no space left on device, write
npm warn tar TAR_ENTRY_ERROR ENOSPC: no space left on device, write
npm warn tar TAR_ENTRY_ERROR ENOSPC: no space left on device, write
npm warn tar TAR_ENTRY_ERROR ENOSPC: no space left on device, write
npm warn tar TAR_ENTRY_ERROR ENOSPC: no space left on device, write
npm warn tar TAR_ENTRY_ERROR ENOSPC: no space left on device, write
npm warn tar TAR_ENTRY_ERROR ENOSPC: no space left on device, write
npm warn tar TAR_ENTRY_ERROR ENOSPC: no space left on device, write
npm warn tar TAR_ENTRY_ERROR ENOSPC: no space left on device, write
npm warn tar TAR_ENTRY_ERROR ENOSPC: no space left on device, write
npm warn tar TAR_ENTRY_ERROR EBADF: bad file descriptor, write
npm warn tar TAR_ENTRY_ERROR ENOSPC: no space left on device, write
npm warn tar TAR_ENTRY_ERROR ENOSPC: no space left on device, write
npm warn tar TAR_ENTRY_ERROR ENOSPC: no space left on device, write
npm warn tar TAR_ENTRY_ERROR ENOSPC: no space left on device, write
npm warn tar TAR_ENTRY_ERROR ENOSPC: no space left on device, write
npm warn tar TAR_ENTRY_ERROR EBADF: bad file descriptor, write
npm warn tar TAR_ENTRY_ERROR ENOSPC: no space left on device, write
npm warn tar TAR_ENTRY_ERROR ENOSPC: no space left on device, write
npm warn tar TAR_ENTRY_ERROR ENOSPC: no space left on device, write
npm warn tar TAR_ENTRY_ERROR ENOSPC: no space left on device, write
npm warn tar TAR_ENTRY_ERROR ENOSPC: no space left on device, write
npm warn tar TAR_ENTRY_ERROR ENOSPC: no space left on device, write
npm warn tar TAR_ENTRY_ERROR EBADF: bad file descriptor, close
npm warn tar TAR_ENTRY_ERROR EBADF: bad file descriptor, write
npm warn tar TAR_ENTRY_ERROR ENOSPC: no space left on device, write
npm warn tar TAR_ENTRY_ERROR ENOSPC: no space left on device, write
npm warn tar TAR_ENTRY_ERROR ENOSPC: no space left on device, write
npm warn tar TAR_ENTRY_ERROR EBADF: bad file descriptor, write
npm warn tar TAR_ENTRY_ERROR ENOSPC: no space left on device, write
npm warn tar TAR_ENTRY_ERROR ENOSPC: no space left on device, write
npm warn tar TAR_ENTRY_ERROR ENOSPC: no space left on device, write
npm warn tar TAR_ENTRY_ERROR ENOSPC: no space left on device, write
npm warn tar TAR_ENTRY_ERROR EBADF: bad file descriptor, write
npm warn tar TAR_ENTRY_ERROR EBADF: bad file descriptor, write
npm warn tar TAR_ENTRY_ERROR EBADF: bad file descriptor, write
npm warn tar TAR_ENTRY_ERROR EBADF: bad file descriptor, write
npm warn tar TAR_ENTRY_ERROR EBADF: bad file descriptor, write
npm warn tar TAR_ENTRY_ERROR EBADF: bad file descriptor, write
npm warn tar TAR_ENTRY_ERROR EBADF: bad file descriptor, write
npm warn tar TAR_ENTRY_ERROR EBADF: bad file descriptor, write
npm warn tar TAR_ENTRY_ERROR EBADF: bad file descriptor, write
npm warn tar TAR_ENTRY_ERROR EBADF: bad file descriptor, write
npm warn tar TAR_ENTRY_ERROR EBADF: bad file descriptor, write
npm warn tar TAR_ENTRY_ERROR EBADF: bad file descriptor, write
npm warn tar TAR_ENTRY_ERROR EBADF: bad file descriptor, close
npm warn tar TAR_ENTRY_ERROR EBADF: bad file descriptor, write
npm warn tar TAR_ENTRY_ERROR EBADF: bad file descriptor, write
npm warn tar TAR_ENTRY_ERROR EBADF: bad file descriptor, write
npm warn tar TAR_ENTRY_ERROR EBADF: bad file descriptor, close
npm warn tar TAR_ENTRY_ERROR EBADF: bad file descriptor, write
npm warn tar TAR_ENTRY_ERROR EBADF: bad file descriptor, write
npm warn tar TAR_ENTRY_ERROR EBADF: bad file descriptor, write
npm warn tar TAR_ENTRY_ERROR EBADF: bad file descriptor, write
npm warn tar TAR_ENTRY_ERROR EBADF: bad file descriptor, write
npm warn tar TAR_ENTRY_ERROR EBADF: bad file descriptor, write
npm warn tar TAR_ENTRY_ERROR EBADF: bad file descriptor, write
npm warn tar TAR_ENTRY_ERROR EBADF: bad file descriptor, write
npm warn tar TAR_ENTRY_ERROR EBADF: bad file descriptor, write
npm warn tar TAR_ENTRY_ERROR EBADF: bad file descriptor, write
npm warn tar TAR_ENTRY_ERROR EBADF: bad file descriptor, write
npm warn tar TAR_ENTRY_ERROR ENOSPC: no space left on device, write
npm warn tar TAR_ENTRY_ERROR ENOSPC: no space left on device, write
npm warn tar TAR_ENTRY_ERROR ENOSPC: no space left on device, write
npm warn tar TAR_ENTRY_ERROR ENOSPC: no space left on device, write
npm warn tar TAR_ENTRY_ERROR EBADF: bad file descriptor, close
npm warn tar TAR_ENTRY_ERROR ENOSPC: no space left on device, write
npm warn tar TAR_ENTRY_ERROR EBADF: bad file descriptor, write
npm warn tar TAR_ENTRY_ERROR EPERM: operation not permitted, write
npm warn tar TAR_ENTRY_ERROR EBADF: bad file descriptor, write
npm warn tar TAR_ENTRY_ERROR ENOSPC: no space left on device, write
npm warn tar TAR_ENTRY_ERROR ENOSPC: no space left on device, write
npm warn tar TAR_ENTRY_ERROR ENOSPC: no space left on device, write
npm warn tar TAR_ENTRY_ERROR ENOSPC: no space left on device, write
npm warn tar TAR_ENTRY_ERROR ENOSPC: no space left on device, write
npm warn tar TAR_ENTRY_ERROR ENOSPC: no space left on device, write
npm warn tar TAR_ENTRY_ERROR EBADF: bad file descriptor, write
npm warn tar TAR_ENTRY_ERROR ENOSPC: no space left on device, write
npm warn tar TAR_ENTRY_ERROR ENOSPC: no space left on device, write
npm warn tar TAR_ENTRY_ERROR ENOSPC: no space left on device, write
npm error A complete log of this run can be found in: C:\Users\Jodi\AppData\Local\npm-cache\_logs\2025-08-22T09_54_38_115Z-debug-0.log
